#
# There is insufficient memory for the Java Runtime Environment to continue.
# Native memory allocation (mmap) failed to map 268435456 bytes for Failed to commit area from 0x0000000701a00000 to 0x0000000711a00000 of length 268435456.
# Possible reasons:
#   The system is out of physical RAM or swap space
#   The process is running with CompressedOops enabled, and the Java Heap may be blocking the growth of the native heap
# Possible solutions:
#   Reduce memory load on the system
#   Increase physical memory or swap space
#   Check if swap backing store is full
#   Decrease Java heap size (-Xmx/-Xms)
#   Decrease number of Java threads
#   Decrease Java thread stack sizes (-Xss)
#   Set larger code cache with -XX:ReservedCodeCacheSize=
# This output file may be truncated or incomplete.
#
#  Out of Memory Error (t:/workspace/open/src/hotspot/os/windows/os_windows.cpp:3271), pid=121256, tid=86844
#
# JRE version:  (11.0.6+8) (build )
# Java VM: Java HotSpot(TM) 64-Bit Server VM (11.0.6+8-LTS, mixed mode, sharing, tiered, compressed oops, g1 gc, windows-amd64)
# No core dump will be written. Minidumps are not enabled by default on client versions of Windows
#

---------------  S U M M A R Y ------------

Command Line: -Xverify:none -XX:TieredStopAtLevel=1 com.ekanek.fileProject.FileProjectApplication

Host: Intel(R) Core(TM) i5-6440HQ CPU @ 2.60GHz, 4 cores, 15G,  Windows 10 , 64 bit Build 17134 (10.0.17134.753)
Time: Sun Apr 26 11:59:22 2020 India Standard Time elapsed time: 0 seconds (0d 0h 0m 0s)

---------------  T H R E A D  ---------------

Current thread (0x000001f9ee152000):  JavaThread "Unknown thread" [_thread_in_vm, id=86844, stack(0x0000002a57a00000,0x0000002a57b00000)]

Stack: [0x0000002a57a00000,0x0000002a57b00000]
Native frames: (J=compiled Java code, j=interpreted, Vv=VM code, C=native code)
V  [jvm.dll+0x63679a]
V  [jvm.dll+0x7755bf]
V  [jvm.dll+0x776c65]
V  [jvm.dll+0x7772d3]
V  [jvm.dll+0x25e7f8]
V  [jvm.dll+0x633c4a]
V  [jvm.dll+0x628625]
V  [jvm.dll+0x314a7c]
V  [jvm.dll+0x314902]
V  [jvm.dll+0x31a176]
V  [jvm.dll+0x36650f]
V  [jvm.dll+0x365f30]
V  [jvm.dll+0x2f1a78]
V  [jvm.dll+0x2f2bf6]
V  [jvm.dll+0x74e707]
V  [jvm.dll+0x74fe7f]
V  [jvm.dll+0x373349]
V  [jvm.dll+0x734e5e]
V  [jvm.dll+0x3e2b5d]
V  [jvm.dll+0x3e4ef1]
C  [java.exe+0x3607]
C  [java.exe+0x178dc]
C  [KERNEL32.DLL+0x14034]
C  [ntdll.dll+0x73691]


---------------  P R O C E S S  ---------------

Threads class SMR info:
_java_thread_list=0x000001f9ebf28b50, length=0, elements={
}

Java Threads: ( => current thread )

Other Threads:
  0x000001f9ee16b000 GCTaskThread "GC Thread#0" [stack: 0x0000002a57b00000,0x0000002a57c00000] [id=99016]
  0x000001f9ee1c5800 ConcurrentGCThread "G1 Main Marker" [stack: 0x0000002a57c00000,0x0000002a57d00000] [id=61344]
  0x000001f9ee1c7000 ConcurrentGCThread "G1 Conc#0" [stack: 0x0000002a57d00000,0x0000002a57e00000] [id=122796]

[error occurred during error reporting (printing all threads), id 0xc0000005, EXCEPTION_ACCESS_VIOLATION (0xc0000005) at pc=0x00007ffba5da0207]

VM state:not at safepoint (not fully initialized)

VM Mutex/Monitor currently owned by a thread:  ([mutex/lock_event])
[0x000001f9ee14f400] Heap_lock - owner thread: 0x000001f9ee152000

Heap address: 0x0000000701a00000, size: 4070 MB, Compressed Oops mode: Non-zero based: 0x0000000701a00000
Narrow klass base: 0x0000000000000000, Narrow klass shift: 0

GC Heap History (0 events):
No events

Deoptimization events (0 events):
No events

Classes redefined (0 events):
No events

Internal exceptions (0 events):
No events

Events (0 events):
No events


Dynamic libraries:
0x00007ff7f22a0000 - 0x00007ff7f22e7000 	D:\Downloads\jdk-11.0.6_windows-x64_bin\jdk-11.0.6\bin\java.exe
0x00007ffbf8e40000 - 0x00007ffbf9021000 	C:\WINDOWS\SYSTEM32\ntdll.dll
0x00007ffbf8060000 - 0x00007ffbf8111000 	C:\WINDOWS\System32\KERNEL32.DLL
0x00007ffbf5990000 - 0x00007ffbf5c03000 	C:\WINDOWS\System32\KERNELBASE.dll
0x0000000062fb0000 - 0x0000000063043000 	C:\WINDOWS\System32\SYSFER.DLL
0x00007ffbf7fb0000 - 0x00007ffbf8051000 	C:\WINDOWS\System32\ADVAPI32.dll
0x00007ffbf7e10000 - 0x00007ffbf7eae000 	C:\WINDOWS\System32\msvcrt.dll
0x00007ffbf8a00000 - 0x00007ffbf8a5b000 	C:\WINDOWS\System32\sechost.dll
0x00007ffbf8a60000 - 0x00007ffbf8b84000 	C:\WINDOWS\System32\RPCRT4.dll
0x00007ffbf8120000 - 0x00007ffbf82b0000 	C:\WINDOWS\System32\USER32.dll
0x00007ffbf5c70000 - 0x00007ffbf5c90000 	C:\WINDOWS\System32\win32u.dll
0x00007ffbf7d00000 - 0x00007ffbf7d28000 	C:\WINDOWS\System32\GDI32.dll
0x00007ffbf5d90000 - 0x00007ffbf5f21000 	C:\WINDOWS\System32\gdi32full.dll
0x00007ffbf6220000 - 0x00007ffbf62bf000 	C:\WINDOWS\System32\msvcp_win.dll
0x00007ffbf5c90000 - 0x00007ffbf5d88000 	C:\WINDOWS\System32\ucrtbase.dll
0x00007ffbe7e00000 - 0x00007ffbe8069000 	C:\WINDOWS\WinSxS\amd64_microsoft.windows.common-controls_6595b64144ccf1df_6.0.17134.1246_none_d3ffb9d77c90723d\COMCTL32.dll
0x00007ffbf7950000 - 0x00007ffbf7c71000 	C:\WINDOWS\System32\combase.dll
0x00007ffbf5200000 - 0x00007ffbf5279000 	C:\WINDOWS\System32\bcryptPrimitives.dll
0x00007ffbe3d00000 - 0x00007ffbe3d0a000 	C:\WINDOWS\SYSTEM32\VERSION.dll
0x00007ffbf7d40000 - 0x00007ffbf7d6d000 	C:\WINDOWS\System32\IMM32.DLL
0x00007ffbdca90000 - 0x00007ffbdcaa6000 	D:\Downloads\jdk-11.0.6_windows-x64_bin\jdk-11.0.6\bin\vcruntime140.dll
0x00007ffbd11d0000 - 0x00007ffbd127a000 	D:\Downloads\jdk-11.0.6_windows-x64_bin\jdk-11.0.6\bin\msvcp140.dll
0x00007ffba5aa0000 - 0x00007ffba65c9000 	D:\Downloads\jdk-11.0.6_windows-x64_bin\jdk-11.0.6\bin\server\jvm.dll
0x00007ffbf7d30000 - 0x00007ffbf7d38000 	C:\WINDOWS\System32\PSAPI.DLL
0x00007ffbf3b00000 - 0x00007ffbf3b09000 	C:\WINDOWS\SYSTEM32\WSOCK32.dll
0x00007ffbf87d0000 - 0x00007ffbf883c000 	C:\WINDOWS\System32\WS2_32.dll
0x00007ffbf2760000 - 0x00007ffbf2783000 	C:\WINDOWS\SYSTEM32\WINMM.dll
0x00007ffbf2730000 - 0x00007ffbf275a000 	C:\WINDOWS\SYSTEM32\WINMMBASE.dll
0x00007ffbf5f30000 - 0x00007ffbf5f79000 	C:\WINDOWS\System32\cfgmgr32.dll
0x00007ffbf51e0000 - 0x00007ffbf51f1000 	C:\WINDOWS\System32\kernel.appcore.dll
0x00007ffbdca70000 - 0x00007ffbdca81000 	D:\Downloads\jdk-11.0.6_windows-x64_bin\jdk-11.0.6\bin\verify.dll
0x00007ffbf3910000 - 0x00007ffbf3ad9000 	C:\WINDOWS\SYSTEM32\DBGHELP.DLL
0x00007ffbd9160000 - 0x00007ffbd9189000 	C:\WINDOWS\SYSTEM32\dbgcore.DLL
0x00007ffbdca40000 - 0x00007ffbdca69000 	D:\Downloads\jdk-11.0.6_windows-x64_bin\jdk-11.0.6\bin\java.dll
0x00007ffbdc9d0000 - 0x00007ffbdc9e6000 	D:\Downloads\jdk-11.0.6_windows-x64_bin\jdk-11.0.6\bin\zip.dll
0x00007ffbf2890000 - 0x00007ffbf289a000 	D:\Downloads\jdk-11.0.6_windows-x64_bin\jdk-11.0.6\bin\jimage.dll

dbghelp: loaded successfully - version: 4.0.5 - missing functions: none
symbol engine: initialized successfully - sym options: 0x614 - pdb path: .;D:\Downloads\jdk-11.0.6_windows-x64_bin\jdk-11.0.6\bin;C:\WINDOWS\SYSTEM32;C:\WINDOWS\WinSxS\amd64_microsoft.windows.common-controls_6595b64144ccf1df_6.0.17134.1246_none_d3ffb9d77c90723d;D:\Downloads\jdk-11.0.6_windows-x64_bin\jdk-11.0.6\bin\server

VM Arguments:
jvm_args: -Xverify:none -XX:TieredStopAtLevel=1 
java_command: com.ekanek.fileProject.FileProjectApplication
java_class_path (initial): D:\Source_Folder\fileProject\target\classes;C:\Users\vatsalgarg\.m2\repository\org\springframework\boot\spring-boot-starter-security\2.2.6.RELEASE\spring-boot-starter-security-2.2.6.RELEASE.jar;C:\Users\vatsalgarg\.m2\repository\org\springframework\boot\spring-boot-starter\2.2.6.RELEASE\spring-boot-starter-2.2.6.RELEASE.jar;C:\Users\vatsalgarg\.m2\repository\org\springframework\boot\spring-boot-starter-logging\2.2.6.RELEASE\spring-boot-starter-logging-2.2.6.RELEASE.jar;C:\Users\vatsalgarg\.m2\repository\ch\qos\logback\logback-classic\1.2.3\logback-classic-1.2.3.jar;C:\Users\vatsalgarg\.m2\repository\ch\qos\logback\logback-core\1.2.3\logback-core-1.2.3.jar;C:\Users\vatsalgarg\.m2\repository\org\apache\logging\log4j\log4j-to-slf4j\2.12.1\log4j-to-slf4j-2.12.1.jar;C:\Users\vatsalgarg\.m2\repository\org\apache\logging\log4j\log4j-api\2.12.1\log4j-api-2.12.1.jar;C:\Users\vatsalgarg\.m2\repository\org\slf4j\jul-to-slf4j\1.7.30\jul-to-slf4j-1.7.30.jar;C:\Users\vatsalgarg\.m2\repository\jakarta\annotation\jakarta.annotation-api\1.3.5\jakarta.annotation-api-1.3.5.jar;C:\Users\vatsalgarg\.m2\repository\org\yaml\snakeyaml\1.25\snakeyaml-1.25.jar;C:\Users\vatsalgarg\.m2\repository\org\springframework\spring-aop\5.2.5.RELEASE\spring-aop-5.2.5.RELEASE.jar;C:\Users\vatsalgarg\.m2\repository\org\springframework\spring-beans\5.2.5.RELEASE\spring-beans-5.2.5.RELEASE.jar;C:\Users\vatsalgarg\.m2\repository\org\springframework\security\spring-security-config\5.2.2.RELEASE\spring-security-config-5.2.2.RELEASE.jar;C:\Users\vatsalgarg\.m2\repository\org\springframework\spring-context\5.2.5.RELEASE\spring-context-5.2.5.RELEASE.jar;C:\Users\vatsalgarg\.m2\repository\org\springframework\security\spring-security-web\5.2.2.RELEASE\spring-security-web-5.2.2.RELEASE.jar;C:\Users\vatsalgarg\.m2\repository\org\springframework\spring-expression\5.2.5.RELEASE\spring-expression-5.2.5.RELEASE.jar;C:\Users\vatsalgarg\.m2\repository\org\springframework\security\spring-securit
Launcher Type: SUN_STANDARD

[Global flags]
     bool BytecodeVerificationLocal                = false                                     {product} {command line}
     bool BytecodeVerificationRemote               = false                                     {product} {command line}
     intx CICompilerCount                          = 3                                         {product} {ergonomic}
     uint ConcGCThreads                            = 1                                         {product} {ergonomic}
     uint G1ConcRefinementThreads                  = 4                                         {product} {ergonomic}
   size_t G1HeapRegionSize                         = 1048576                                   {product} {ergonomic}
    uintx GCDrainStackTargetSize                   = 64                                        {product} {ergonomic}
   size_t InitialHeapSize                          = 268435456                                 {product} {ergonomic}
   size_t MarkStackSize                            = 4194304                                   {product} {ergonomic}
   size_t MaxHeapSize                              = 4267704320                                {product} {ergonomic}
   size_t MinHeapDeltaBytes                        = 1048576                                   {product} {ergonomic}
    uintx NonNMethodCodeHeapSize                   = 6973028                                {pd product} {ergonomic}
    uintx NonProfiledCodeHeapSize                  = 244685212                              {pd product} {ergonomic}
    uintx ProfiledCodeHeapSize                     = 0                                      {pd product} {ergonomic}
    uintx ReservedCodeCacheSize                    = 251658240                              {pd product} {ergonomic}
     bool SegmentedCodeCache                       = true                                      {product} {ergonomic}
     intx TieredStopAtLevel                        = 1                                         {product} {command line}
     bool UseCompressedClassPointers               = true                                 {lp64_product} {ergonomic}
     bool UseCompressedOops                        = true                                 {lp64_product} {ergonomic}
     bool UseG1GC                                  = true                                      {product} {ergonomic}
     bool UseLargePagesIndividualAllocation        = false                                  {pd product} {ergonomic}

Logging:
Log output configuration:
 #0: stdout all=warning uptime,level,tags
 #1: stderr all=off uptime,level,tags

Environment Variables:
JAVA_HOME=C:\Program Files\Java\jdk1.8.0_161
CLASSPATH=c:\cspm\cloakware\cspmclient\lib
PATH=C:/Program Files/Java/jre1.8.0_201/bin/server;C:/Program Files/Java/jre1.8.0_201/bin;C:/Program Files/Java/jre1.8.0_201/lib/amd64;C:\ProgramData\Oracle\Java\javapath;D:\Harshicop_vault\vault_1.0.1_windows_amd64;C:\Python37\Scripts\;C:\Python37\;C:\ProgramData\DockerDesktop\version-bin;C:\Program Files\Docker\Docker\Resources\bin;C:\Program Files\Microsoft MPI\Bin\;C:\Program Files (x86)\Common Files\Oracle\Java\javapath;C:\WINDOWS\system32;C:\WINDOWS;C:\WINDOWS\System32\Wbem;C:\WINDOWS\System32\WindowsPowerShell\v1.0\;C:\WINDOWS\System32\OpenSSH\;C:\Program Files\TortoiseSVN\bin;C:\Program Files (x86)\Java\jre1.8.0_191\bin;C:\Program Files\PuTTY\;C:\Program Files\Docker\Docker\resources\bin\;C:\Program Files (x86)\Microsoft SQL Server\130\Tools\Binn\;C:\Program Files\Microsoft SQL Server\130\Tools\Binn\;C:\Program Files (x86)\Microsoft SQL Server\130\DTS\Binn\;C:\Program Files\Microsoft SQL Server\130\DTS\Binn\;C:\Program Files\Microsoft SQL Server\Client SDK\ODBC\130\Tools\Binn\;C:\Program Files (x86)\Microsoft SQL Server\Client SDK\ODBC\130\Tools\Binn\;C:\Program Files (x86)\Microsoft SQL Server\140\Tools\Binn\;C:\Program Files (x86)\Microsoft SQL Server\140\DTS\Binn\;C:\Program Files (x86)\Microsoft SQL Server\140\Tools\Binn\ManagementStudio\;C:\ProgramData\chocolatey\bin;D:\terraform_0.11.10_windows_amd64;C:\Program Files\Java\jdk1.8.0_161\bin;D:\apache-maven-3.6.0-bin\apache-maven-3.6.0\bin;D:\apache-tomcat-7.0.90-windows-x64\apache-tomcat-7.0.90\bin;C:\Automic\Tools\Package.Manager\bin;C:\Users\vatsalgarg\Downloads\jboss-eap-7.1\bin;C:\Program Files\Java\jdk1.8.0_161;C:\Program Files\Git\cmd;C:\Python27;C:\Program Files (x86)\Microsoft SQL Server\110\Tools\Binn\;C:\Program Files\Microsoft SQL Server\110\Tools\Binn\;C:\Program Files\Microsoft SQL Server\110\DTS\Binn\;C:\Program Files (x86)\Microsoft SQL Server\110\Tools\Binn\ManagementStudio\;C:\Program Files (x86)\Microsoft Visual Studio 10.0\Common7\IDE\PrivateAssemblies\;C:\Program Files (x86)\Microsoft SQ
USERNAME=vatsalgarg
OS=Windows_NT
PROCESSOR_IDENTIFIER=Intel64 Family 6 Model 94 Stepping 3, GenuineIntel



---------------  S Y S T E M  ---------------

OS: Windows 10 , 64 bit Build 17134 (10.0.17134.753)

CPU:total 4 (initial active 4) (4 cores per cpu, 1 threads per core) family 6 model 94 stepping 3, cmov, cx8, fxsr, mmx, sse, sse2, sse3, ssse3, sse4.1, sse4.2, popcnt, avx, avx2, aes, clmul, erms, rtm, 3dnowpref, lzcnt, tsc, tscinvbit, bmi1, bmi2, adx, fma

Memory: 4k page, system-wide physical 16275M (1421M free)
TotalPageFile size 30644M (AvailPageFile size 195M)
current process WorkingSet (physical memory assigned to process): 10M, peak: 10M
current process commit charge ("private bytes"): 50M, peak: 306M

vm_info: Java HotSpot(TM) 64-Bit Server VM (11.0.6+8-LTS) for windows-amd64 JRE (11.0.6+8-LTS), built on Dec 11 2019 09:17:57 by "mach5one" with MS VC++ 15.5 (VS2017)

END.
